{"level":"\u001b[32minfo\u001b[39m","message":"{\"method\":\"GET\",\"url\":\"/\",\"status\":\"404\",\"responseTime\":\"9.686\"}","timestamp":"2025-10-14T04:48:22.966Z"}
{"level":"\u001b[32minfo\u001b[39m","message":"{\"method\":\"GET\",\"url\":\"/api/v0/healthcheck\",\"status\":\"404\",\"responseTime\":\"0.945\"}","timestamp":"2025-10-14T04:48:54.253Z"}
{"level":"\u001b[32minfo\u001b[39m","message":"{\"method\":\"GET\",\"url\":\"/api/v0/healthcheck\",\"status\":\"404\",\"responseTime\":\"0.286\"}","timestamp":"2025-10-14T04:49:09.830Z"}
{"level":"\u001b[32minfo\u001b[39m","message":"{\"method\":\"GET\",\"url\":\"/api/v0/healthcheck\",\"status\":\"404\",\"responseTime\":\"0.543\"}","timestamp":"2025-10-14T04:50:07.143Z"}
{"level":"\u001b[32minfo\u001b[39m","message":"{\"method\":\"GET\",\"url\":\"/api/v0/healthcheck\",\"status\":\"404\",\"responseTime\":\"0.401\"}","timestamp":"2025-10-14T04:53:56.936Z"}
{"level":"\u001b[32minfo\u001b[39m","message":"{\"method\":\"GET\",\"url\":\"/api/v0/healthcheck\",\"status\":\"404\",\"responseTime\":\"0.386\"}","timestamp":"2025-10-14T04:54:02.059Z"}
{"level":"\u001b[32minfo\u001b[39m","message":"{\"method\":\"GET\",\"url\":\"/api/v0/healthcheck\",\"status\":\"404\",\"responseTime\":\"0.266\"}","timestamp":"2025-10-14T04:54:11.454Z"}
{"level":"\u001b[32minfo\u001b[39m","message":"{\"method\":\"GET\",\"url\":\"/api/v0/healthcheck\",\"status\":\"404\",\"responseTime\":\"1.264\"}","timestamp":"2025-10-14T04:54:13.822Z"}
{"level":"\u001b[32minfo\u001b[39m","message":"{\"method\":\"GET\",\"url\":\"/api/v0/healthcheck\",\"status\":\"404\",\"responseTime\":\"0.964\"}","timestamp":"2025-10-14T04:54:14.966Z"}
{"level":"\u001b[32minfo\u001b[39m","message":"{\"method\":\"GET\",\"url\":\"/api/v0/healthcheck\",\"status\":\"404\",\"responseTime\":\"6.655\"}","timestamp":"2025-10-14T04:58:17.640Z"}
{"level":"\u001b[32minfo\u001b[39m","message":"{\"method\":\"GET\",\"url\":\"/api/v1/healthcheck\",\"status\":\"404\",\"responseTime\":\"0.696\"}","timestamp":"2025-10-14T04:58:47.649Z"}
{"level":"\u001b[32minfo\u001b[39m","message":"{\"method\":\"GET\",\"url\":\"/api/v1/healthcheck\",\"status\":\"404\",\"responseTime\":\"0.455\"}","timestamp":"2025-10-14T04:59:02.662Z"}
{"level":"\u001b[32minfo\u001b[39m","message":"{\"method\":\"GET\",\"url\":\"/api/v1/healthcheck\",\"status\":\"404\",\"responseTime\":\"11.853\"}","timestamp":"2025-10-14T08:27:37.975Z"}
{"level":"\u001b[32minfo\u001b[39m","message":"{\"method\":\"GET\",\"url\":\"/\",\"status\":\"-\",\"responseTime\":\"-\"}","timestamp":"2025-10-14T08:30:54.126Z"}
{"level":"\u001b[32minfo\u001b[39m","message":"{\"method\":\"GET\",\"url\":\"/\",\"status\":\"-\",\"responseTime\":\"-\"}","timestamp":"2025-10-14T08:33:50.415Z"}
{"level":"\u001b[32minfo\u001b[39m","message":"{\"method\":\"GET\",\"url\":\"/api/v1/healthcheck\",\"status\":\"404\",\"responseTime\":\"0.467\"}","timestamp":"2025-10-14T08:36:12.286Z"}
{"level":"\u001b[32minfo\u001b[39m","message":"{\"method\":\"GET\",\"url\":\"/api/v1/healthcheck\",\"status\":\"404\",\"responseTime\":\"2.284\"}","timestamp":"2025-10-14T08:36:45.088Z"}
{"level":"\u001b[32minfo\u001b[39m","message":"{\"method\":\"GET\",\"url\":\"/api/v1/healthcheck\",\"status\":\"404\",\"responseTime\":\"0.527\"}","timestamp":"2025-10-14T08:36:47.962Z"}
{"level":"\u001b[32minfo\u001b[39m","message":"{\"method\":\"GET\",\"url\":\"/api/v1/healthcheck\",\"status\":\"200\",\"responseTime\":\"6.659\"}","timestamp":"2025-10-14T08:37:31.570Z"}
{"level":"\u001b[32minfo\u001b[39m","message":"{\"method\":\"GET\",\"url\":\"/api/v1/healthcheck\",\"status\":\"200\",\"responseTime\":\"3.994\"}","timestamp":"2025-10-21T03:11:04.964Z"}
{"level":"\u001b[32minfo\u001b[39m","message":"{\"method\":\"GET\",\"url\":\"/api/v1/healthcheck\",\"status\":\"200\",\"responseTime\":\"1.701\"}","timestamp":"2025-10-21T03:16:29.236Z"}
{"level":"\u001b[32minfo\u001b[39m","message":"{\"method\":\"GET\",\"url\":\"/healthcheck\",\"status\":\"404\",\"responseTime\":\"3.361\"}","timestamp":"2025-10-21T03:23:21.529Z"}
{"level":"\u001b[32minfo\u001b[39m","message":"{\"method\":\"GET\",\"url\":\"/api/v1/healthcheck\",\"status\":\"200\",\"responseTime\":\"0.660\"}","timestamp":"2025-10-21T03:23:56.659Z"}
{"level":"\u001b[32minfo\u001b[39m","message":"{\"method\":\"POST\",\"url\":\"/api/v1/user/register\",\"status\":\"404\",\"responseTime\":\"0.338\"}","timestamp":"2025-10-21T03:26:02.187Z"}
{"level":"\u001b[32minfo\u001b[39m","message":"{\"method\":\"POST\",\"url\":\"/api/v1/user/register\",\"status\":\"404\",\"responseTime\":\"2.964\"}","timestamp":"2025-10-21T03:28:53.727Z"}
{"level":"\u001b[32minfo\u001b[39m","message":"{\"method\":\"GET\",\"url\":\"/api/v1/healthcheck\",\"status\":\"200\",\"responseTime\":\"4.157\"}","timestamp":"2025-10-21T03:31:22.906Z"}
{"level":"\u001b[32minfo\u001b[39m","message":"{\"method\":\"POST\",\"url\":\"/api/v1/user/register\",\"status\":\"404\",\"responseTime\":\"10.196\"}","timestamp":"2025-10-21T03:31:32.799Z"}
{"level":"\u001b[32minfo\u001b[39m","message":"{\"method\":\"POST\",\"url\":\"/api/v1/users/register\",\"status\":\"500\",\"responseTime\":\"4.321\"}","timestamp":"2025-10-21T03:32:08.414Z"}
{"level":"\u001b[32minfo\u001b[39m","message":"{\"method\":\"POST\",\"url\":\"/api/v1/users/register\",\"status\":\"404\",\"responseTime\":\"27.498\"}","timestamp":"2025-10-21T03:40:20.715Z"}
{"level":"\u001b[32minfo\u001b[39m","message":"{\"method\":\"POST\",\"url\":\"/api/v1/user/register\",\"status\":\"500\",\"responseTime\":\"34.223\"}","timestamp":"2025-10-21T03:40:33.133Z"}
{"level":"\u001b[32minfo\u001b[39m","message":"{\"method\":\"POST\",\"url\":\"/api/v1/user/register\",\"status\":\"500\",\"responseTime\":\"239.970\"}","timestamp":"2025-10-21T03:45:08.198Z"}
{"level":"\u001b[32minfo\u001b[39m","message":"{\"method\":\"POST\",\"url\":\"/api/v1/user/register\",\"status\":\"500\",\"responseTime\":\"40.208\"}","timestamp":"2025-10-21T03:48:17.322Z"}
{"level":"\u001b[32minfo\u001b[39m","message":"{\"method\":\"POST\",\"url\":\"/api/v1/user/register\",\"status\":\"500\",\"responseTime\":\"39.208\"}","timestamp":"2025-10-21T03:50:20.107Z"}
{"level":"\u001b[32minfo\u001b[39m","message":"{\"method\":\"POST\",\"url\":\"/api/v1/user/register\",\"status\":\"500\",\"responseTime\":\"39.803\"}","timestamp":"2025-10-21T03:53:59.489Z"}
{"level":"\u001b[32minfo\u001b[39m","message":"{\"method\":\"POST\",\"url\":\"/api/v1/user/register\",\"status\":\"500\",\"responseTime\":\"43.170\"}","timestamp":"2025-10-21T04:01:34.531Z"}
{"level":"\u001b[32minfo\u001b[39m","message":"{\"method\":\"POST\",\"url\":\"/api/v1/user/register\",\"status\":\"500\",\"responseTime\":\"42.573\"}","timestamp":"2025-10-21T04:10:47.669Z"}
{"level":"\u001b[32minfo\u001b[39m","message":"{\"method\":\"POST\",\"url\":\"/api/v1/user/register\",\"status\":\"500\",\"responseTime\":\"13.687\"}","timestamp":"2025-10-21T04:11:08.424Z"}
{"level":"\u001b[32minfo\u001b[39m","message":"{\"method\":\"POST\",\"url\":\"/api/v1/user/register\",\"status\":\"500\",\"responseTime\":\"32.834\"}","timestamp":"2025-10-21T04:17:47.235Z"}
{"level":"\u001b[32minfo\u001b[39m","message":"{\"method\":\"POST\",\"url\":\"/api/v1/user/register\",\"status\":\"500\",\"responseTime\":\"7.529\"}","timestamp":"2025-10-21T04:19:14.292Z"}
{"level":"\u001b[32minfo\u001b[39m","message":"{\"method\":\"POST\",\"url\":\"/api/v1/user/register\",\"status\":\"500\",\"responseTime\":\"40.475\"}","timestamp":"2025-10-21T04:30:26.396Z"}
{"level":"\u001b[32minfo\u001b[39m","message":"{\"method\":\"POST\",\"url\":\"/api/v1/user/register\",\"status\":\"500\",\"responseTime\":\"39.739\"}","timestamp":"2025-10-21T04:35:27.118Z"}
{"level":"\u001b[32minfo\u001b[39m","message":"{\"method\":\"POST\",\"url\":\"/api/v1/user/register\",\"status\":\"500\",\"responseTime\":\"75.759\"}","timestamp":"2025-10-21T04:40:23.843Z"}
{"level":"\u001b[32minfo\u001b[39m","message":"{\"method\":\"POST\",\"url\":\"/api/v1/user/register\",\"status\":\"500\",\"responseTime\":\"75.032\"}","timestamp":"2025-10-21T04:40:46.836Z"}
{"level":"\u001b[32minfo\u001b[39m","message":"{\"method\":\"POST\",\"url\":\"/api/v1/user/register\",\"status\":\"500\",\"responseTime\":\"55.809\"}","timestamp":"2025-10-21T04:43:48.456Z"}
{"level":"\u001b[32minfo\u001b[39m","message":"{\"method\":\"POST\",\"url\":\"/api/v1/user/register\",\"status\":\"500\",\"responseTime\":\"9901.976\"}","timestamp":"2025-10-21T04:45:55.525Z"}
{"level":"\u001b[32minfo\u001b[39m","message":"{\"method\":\"POST\",\"url\":\"/api/v1/user/register\",\"status\":\"500\",\"responseTime\":\"10781.021\"}","timestamp":"2025-10-21T04:47:59.872Z"}
{"level":"\u001b[32minfo\u001b[39m","message":"{\"method\":\"POST\",\"url\":\"/api/v1/user/register\",\"status\":\"500\",\"responseTime\":\"264.414\"}","timestamp":"2025-10-22T04:07:24.110Z"}
{"level":"\u001b[32minfo\u001b[39m","message":"{\"method\":\"POST\",\"url\":\"/api/v1/user/register\",\"status\":\"500\",\"responseTime\":\"4409.854\"}","timestamp":"2025-10-22T04:15:09.352Z"}
{"level":"\u001b[32minfo\u001b[39m","message":"{\"method\":\"POST\",\"url\":\"/api/v1/user/register\",\"status\":\"500\",\"responseTime\":\"14309.761\"}","timestamp":"2025-10-22T04:17:12.232Z"}
{"level":"\u001b[32minfo\u001b[39m","message":"{\"method\":\"POST\",\"url\":\"/api/v1/user/register\",\"status\":\"500\",\"responseTime\":\"4882.754\"}","timestamp":"2025-10-22T04:17:53.617Z"}
{"level":"\u001b[32minfo\u001b[39m","message":"{\"method\":\"POST\",\"url\":\"/api/v1/user/register\",\"status\":\"500\",\"responseTime\":\"5.084\"}","timestamp":"2025-10-22T04:21:30.451Z"}
{"level":"\u001b[32minfo\u001b[39m","message":"{\"method\":\"POST\",\"url\":\"/api/v1/user/register\",\"status\":\"500\",\"responseTime\":\"31087.489\"}","timestamp":"2025-10-22T04:22:46.267Z"}
{"level":"\u001b[32minfo\u001b[39m","message":"{\"method\":\"POST\",\"url\":\"/api/v1/user/register\",\"status\":\"500\",\"responseTime\":\"240.393\"}","timestamp":"2025-10-22T04:26:04.107Z"}
{"level":"\u001b[32minfo\u001b[39m","message":"{\"method\":\"POST\",\"url\":\"/api/v1/user/register\",\"status\":\"500\",\"responseTime\":\"263.771\"}","timestamp":"2025-10-22T04:28:24.040Z"}
{"level":"\u001b[32minfo\u001b[39m","message":"{\"method\":\"POST\",\"url\":\"/api/v1/user/register\",\"status\":\"500\",\"responseTime\":\"743.759\"}","timestamp":"2025-10-22T04:32:23.740Z"}
{"level":"\u001b[32minfo\u001b[39m","message":"{\"method\":\"POST\",\"url\":\"/api/v1/user/register\",\"status\":\"500\",\"responseTime\":\"748.154\"}","timestamp":"2025-10-22T04:34:01.656Z"}
{"level":"\u001b[32minfo\u001b[39m","message":"{\"method\":\"POST\",\"url\":\"/api/v1/user/register\",\"status\":\"500\",\"responseTime\":\"728.303\"}","timestamp":"2025-10-22T04:37:19.575Z"}
{"level":"\u001b[32minfo\u001b[39m","message":"{\"method\":\"POST\",\"url\":\"/api/v1/user/register\",\"status\":\"500\",\"responseTime\":\"5972.880\"}","timestamp":"2025-10-22T04:42:46.735Z"}
{"level":"\u001b[32minfo\u001b[39m","message":"{\"method\":\"POST\",\"url\":\"/api/v1/user/register\",\"status\":\"500\",\"responseTime\":\"8.340\"}","timestamp":"2025-10-22T04:44:26.838Z"}
{"level":"\u001b[32minfo\u001b[39m","message":"{\"method\":\"POST\",\"url\":\"/api/v1/user/register\",\"status\":\"500\",\"responseTime\":\"9354.581\"}","timestamp":"2025-10-22T04:45:22.182Z"}
{"level":"\u001b[32minfo\u001b[39m","message":"{\"method\":\"POST\",\"url\":\"/api/v1/user/register\",\"status\":\"500\",\"responseTime\":\"94487.380\"}","timestamp":"2025-10-22T04:50:22.901Z"}
{"level":"\u001b[32minfo\u001b[39m","message":"{\"method\":\"POST\",\"url\":\"/api/v1/user/register\",\"status\":\"201\",\"responseTime\":\"11508.774\"}","timestamp":"2025-10-22T04:57:23.025Z"}
